stopping the following units: thermald.service
activating the configuration...
setting up /etc...
reloading user units for async...
setting up tmpfiles
reloading the following units: dbus.service
the following new units were started: auto-cpufreq.service
ed setting for 'extra-trusted-public-keys = cache.nixos.org-1:6NCHdD59X431o0gWypbMrAURkbJ16ZPMQFGspcDShjY= nyx.chaotic.cx-1:HfnXSw4pj95iI/n17rIDy40agHj12WfF+Gqk6SonIT8= chaotic-nyx.cachix.org-1:HfnXSw4pj95iI/n17rIDy40agHj12WfF+Gqk6SonIT8= nix-community.cachix.org-1:mB9FSh9qf2dCimDSUo8Zy7bkq5CX+/rkCWyvRCYg3Fs= hyprland.cachix.org-1:a7pgxzMz7+chwVL3/pzj6jIBMioiJM7ypFP8PwtkuGc=' from ~/.local/share/nix/trusted-settings.json.
copying path '/nix/store/31d5z7s5lnq6xczlw03arvndm83rxb9i-source' from 'https://cache.nixos.org'...
copying path '/nix/store/ka839ivm6bhhwwfq7sf1d9abwc462dqq-source' from 'https://hyprland.cachix.org'...
building the system configuration...
warning: Git tree '/home/async/.dotfiles' is dirty
Using saved setting for 'extra-substituters = https://nix-community.cachix.org https://cache.nixos.org https://nyx.chaotic.cx https://hyprland.cachix.org' from ~/.local/share/nix/trusted-settings.json.
Using saved setting for 'extra-trusted-public-keys = cache.nixos.org-1:6NCHdD59X431o0gWypbMrAURkbJ16ZPMQFGspcDShjY= nyx.chaotic.cx-1:HfnXSw4pj95iI/n17rIDy40agHj12WfF+Gqk6SonIT8= chaotic-nyx.cachix.org-1:HfnXSw4pj95iI/n17rIDy40agHj12WfF+Gqk6SonIT8= nix-community.cachix.org-1:mB9FSh9qf2dCimDSUo8Zy7bkq5CX+/rkCWyvRCYg3Fs= hyprland.cachix.org-1:a7pgxzMz7+chwVL3/pzj6jIBMioiJM7ypFP8PwtkuGc=' from ~/.local/share/nix/trusted-settings.json.
copying path '/nix/store/k5l01g2zwhysjyl5zjvg5zxnj0lyxpp1-source' from 'https://cache.nixos.org'...
copying path '/nix/store/d42v5grfq77vr10r336kks0qjp0wij8d-source' from 'https://cache.nixos.org'...
copying path '/nix/store/g7wma40n4w8k1f3hvfvmprggl82xrlbd-source' from 'https://cache.nixos.org'...
copying path '/nix/store/5acdh8xyry0kdvp6xla2hw7wf3zkphkl-source' from 'https://cache.nixos.org'...
copying path '/nix/store/7kpwajf5m3vqqkayrswr2lk82yvx1hzz-source' from 'https://hyprland.cachix.org'...
copying path '/nix/store/igpyn016ph9zfhlai9chigmdddf9nja5-source' from 'https://cache.nixos.org'...
copying path '/nix/store/gzf4zwcakda1nykn6h0avh45xhjhvsz4-source' from 'https://cache.nixos.org'...
these 15 derivations will be built:
  /nix/store/79nq799svgci5xs5lpywm390nb0mk7gi-dbus-1.drv
  /nix/store/2l2j4psv0gjp20zbqb7xx8rmlzc8x8yr-X-Restart-Triggers-dbus.drv
  /nix/store/7ivpw2896ai4yp665i058xc9h357kg18-unit-dbus.service.drv
  /nix/store/amipz0xxkqzkmbrlhhhdr34nf88fy5l7-boot.json.drv
  /nix/store/j2hxv5aylnkd5gk6c47k5mhnnvnciy15-unit-wireplumber.service-disabled.drv
  /nix/store/n1qc25jkw75zyd1bva169p9lg9kqyhsv-unit-pipewire.socket-disabled.drv
  /nix/store/s58ag579f6wl07j2cvb3nkl0pqw0svgh-unit-dbus.service.drv
  /nix/store/vq54f2dphp1v8nz9d9vh7x0jxaxcqa54-unit-console-getty.service-disabled.drv
  /nix/store/wzr8ghn4vhvv0ydb61y17qkgx6mznik3-unit-pipewire.service-disabled.drv
  /nix/store/ccn1inqylj22ddjh6lznn9yqz0z8qwvv-system-units.drv
  /nix/store/k33r0clnxnwmrgp00hd274y3p7iqapiy-ensure-all-wrappers-paths-exist.drv
  /nix/store/mg6c4d7bkdli2bfj1w456x4gramlbqbq-stage-2-init.sh.drv
  /nix/store/y9b6hkp3rxaaqyd1qnm12xfg0m431jkd-user-units.drv
  /nix/store/vaf705whq668kz3xvdn3lfizvz9m5n2y-etc.drv
  /nix/store/swj137d67dh8xjzmy28rkpsrg0xqfgad-nixos-system-nixos-23.11.20240312.51063ed.drv
these 7 paths will be fetched (0.75 MiB download, 10.19 MiB unpacked):
  /nix/store/g0kc0z0wzs2s4kl377zssyxmmk5z9vim-file-5.45
  /nix/store/7n1vikpxsl1gs5h8f0f8zqfj2mcdy1ii-gnu-config-2023-09-19
  /nix/store/5vyb54sgl2x1ihrdfvj46vi2w1acv9nn-gnumake-4.4.1
  /nix/store/7ywggws38m4788rm8fvbcsmyddnq0q3m-patchelf-0.15.0
  /nix/store/911x30h15lbfg5fkkabzjhars2svbnaa-stdenv-linux
  /nix/store/lfldnv3apxsd59g1jl65kw6xfkmv5w27-update-autotools-gnu-config-scripts-hook
  /nix/store/zyfsd869x6d4wc4s2mmnqah7kdxn7zzi-xkb-validated
copying path '/nix/store/zyfsd869x6d4wc4s2mmnqah7kdxn7zzi-xkb-validated' from 'https://cache.nixos.org'...
copying path '/nix/store/7n1vikpxsl1gs5h8f0f8zqfj2mcdy1ii-gnu-config-2023-09-19' from 'https://cache.nixos.org'...
copying path '/nix/store/g0kc0z0wzs2s4kl377zssyxmmk5z9vim-file-5.45' from 'https://cache.nixos.org'...
copying path '/nix/store/5vyb54sgl2x1ihrdfvj46vi2w1acv9nn-gnumake-4.4.1' from 'https://cache.nixos.org'...
copying path '/nix/store/7ywggws38m4788rm8fvbcsmyddnq0q3m-patchelf-0.15.0' from 'https://cache.nixos.org'...
copying path '/nix/store/lfldnv3apxsd59g1jl65kw6xfkmv5w27-update-autotools-gnu-config-scripts-hook' from 'https://cache.nixos.org'...
copying path '/nix/store/911x30h15lbfg5fkkabzjhars2svbnaa-stdenv-linux' from 'https://cache.nixos.org'...
building '/nix/store/amipz0xxkqzkmbrlhhhdr34nf88fy5l7-boot.json.drv'...
building '/nix/store/79nq799svgci5xs5lpywm390nb0mk7gi-dbus-1.drv'...
building '/nix/store/k33r0clnxnwmrgp00hd274y3p7iqapiy-ensure-all-wrappers-paths-exist.drv'...
building '/nix/store/mg6c4d7bkdli2bfj1w456x4gramlbqbq-stage-2-init.sh.drv'...
building '/nix/store/vq54f2dphp1v8nz9d9vh7x0jxaxcqa54-unit-console-getty.service-disabled.drv'...
building '/nix/store/wzr8ghn4vhvv0ydb61y17qkgx6mznik3-unit-pipewire.service-disabled.drv'...
building '/nix/store/2l2j4psv0gjp20zbqb7xx8rmlzc8x8yr-X-Restart-Triggers-dbus.drv'...
building '/nix/store/n1qc25jkw75zyd1bva169p9lg9kqyhsv-unit-pipewire.socket-disabled.drv'...
building '/nix/store/j2hxv5aylnkd5gk6c47k5mhnnvnciy15-unit-wireplumber.service-disabled.drv'...
building '/nix/store/7ivpw2896ai4yp665i058xc9h357kg18-unit-dbus.service.drv'...
building '/nix/store/s58ag579f6wl07j2cvb3nkl0pqw0svgh-unit-dbus.service.drv'...
building '/nix/store/y9b6hkp3rxaaqyd1qnm12xfg0m431jkd-user-units.drv'...
building '/nix/store/ccn1inqylj22ddjh6lznn9yqz0z8qwvv-system-units.drv'...
building '/nix/store/vaf705whq668kz3xvdn3lfizvz9m5n2y-etc.drv'...
building '/nix/store/swj137d67dh8xjzmy28rkpsrg0xqfgad-nixos-system-nixos-23.11.20240312.51063ed.drv'...
